<?xml version="1.0" encoding="UTF-8"?>
<testsuite name="Login" tests="1" skipped="0" failures="0" errors="0" timestamp="2020-12-26T19:31:42" hostname="DESKTOP-A9F551T" time="27.419">
  <properties/>
  <testcase name="Login successful" classname="Login" time="27.419"/>
  <system-out><![CDATA[14:31:55.904 [Test worker] DEBUG net.serenitybdd.core.photography.Darkroom - Opening darkroom
14:31:55.905 [Darkroom Processing Line] DEBUG net.serenitybdd.core.photography.DarkroomProcessingLine - Darkroom processing line starting up
14:31:56.979 [Test worker] DEBUG net.serenitybdd.core.photography.Darkroom - Send negative for processing for C:\Repositorio\estudios\JavaSEBasicoAvanzado\JavaSEBasicoAvanzado-31.MakeReportAllEntities\JavaSEBasicoAvanzado-31.MakeReportAllEntities\sauce_lab_mobile\target\site\serenity\269518261239d051cb978b46b2678ff458df625e755d917bcbaefef6c28a9200.png
14:31:56.981 [Darkroom Processing Line] DEBUG net.serenitybdd.core.photography.DarkroomProcessingLine - Processing screenshot image in /var/screenshots/screenshot-12251730709799929540
14:31:56.981 [Darkroom Processing Line] DEBUG net.serenitybdd.core.photography.DarkroomProcessingLine - Saving screenshot to C:\Repositorio\estudios\JavaSEBasicoAvanzado\JavaSEBasicoAvanzado-31.MakeReportAllEntities\JavaSEBasicoAvanzado-31.MakeReportAllEntities\sauce_lab_mobile\target\site\serenity\269518261239d051cb978b46b2678ff458df625e755d917bcbaefef6c28a9200.png
14:31:58.391 [Test worker] DEBUG net.serenitybdd.core.photography.Darkroom - Send negative for processing for C:\Repositorio\estudios\JavaSEBasicoAvanzado\JavaSEBasicoAvanzado-31.MakeReportAllEntities\JavaSEBasicoAvanzado-31.MakeReportAllEntities\sauce_lab_mobile\target\site\serenity\770e9e106b4b7e84cc20accbb57da9d36ed2bc9cf6cf144383750fd61e221256.png
14:31:58.391 [Darkroom Processing Line] DEBUG net.serenitybdd.core.photography.DarkroomProcessingLine - Processing screenshot image in /var/screenshots/screenshot-16121554819474461196
14:31:58.392 [Darkroom Processing Line] DEBUG net.serenitybdd.core.photography.DarkroomProcessingLine - Saving screenshot to C:\Repositorio\estudios\JavaSEBasicoAvanzado\JavaSEBasicoAvanzado-31.MakeReportAllEntities\JavaSEBasicoAvanzado-31.MakeReportAllEntities\sauce_lab_mobile\target\site\serenity\770e9e106b4b7e84cc20accbb57da9d36ed2bc9cf6cf144383750fd61e221256.png
14:31:58.394 [Test worker] DEBUG net.thucydides.core.steps.StepInterceptor - STARTING STEP: LoginSteps.heLogsIntoTheAppWithHerCredentials - {0} authenticates with her credentials
14:31:59.077 [Test worker] DEBUG net.serenitybdd.core.photography.Darkroom - Send negative for processing for C:\Repositorio\estudios\JavaSEBasicoAvanzado\JavaSEBasicoAvanzado-31.MakeReportAllEntities\JavaSEBasicoAvanzado-31.MakeReportAllEntities\sauce_lab_mobile\target\site\serenity\66bcb89bc822057c0d7af10ce9f7ce90f0752da5e3859cf83f92562401c927a9.png
14:31:59.077 [Darkroom Processing Line] DEBUG net.serenitybdd.core.photography.DarkroomProcessingLine - Processing screenshot image in /var/screenshots/screenshot-14885570485382778810
14:31:59.078 [Darkroom Processing Line] DEBUG net.serenitybdd.core.photography.DarkroomProcessingLine - Saving screenshot to C:\Repositorio\estudios\JavaSEBasicoAvanzado\JavaSEBasicoAvanzado-31.MakeReportAllEntities\JavaSEBasicoAvanzado-31.MakeReportAllEntities\sauce_lab_mobile\target\site\serenity\66bcb89bc822057c0d7af10ce9f7ce90f0752da5e3859cf83f92562401c927a9.png
14:31:59.078 [Test worker] DEBUG net.thucydides.core.steps.StepInterceptor - STARTING STEP: Login.performAs - {0} enters #theTextAsAString into #target
14:31:59.082 [Test worker] DEBUG net.serenitybdd.screenplay.targets.IFrameSwitcher - default content already selected for The username field
14:32:00.864 [Test worker] DEBUG net.serenitybdd.core.photography.Darkroom - Send negative for processing for C:\Repositorio\estudios\JavaSEBasicoAvanzado\JavaSEBasicoAvanzado-31.MakeReportAllEntities\JavaSEBasicoAvanzado-31.MakeReportAllEntities\sauce_lab_mobile\target\site\serenity\6a1d40aed519df9481c18235d162fcea3ef7dd2fa854a5bbe4600709a52a7089.png
14:32:00.865 [Test worker] DEBUG net.thucydides.core.steps.StepInterceptor - STEP DONE: {0} enters #theTextAsAString into #target
14:32:00.865 [Darkroom Processing Line] DEBUG net.serenitybdd.core.photography.DarkroomProcessingLine - Processing screenshot image in /var/screenshots/screenshot-470299767929572890
14:32:00.865 [Darkroom Processing Line] DEBUG net.serenitybdd.core.photography.DarkroomProcessingLine - Saving screenshot to C:\Repositorio\estudios\JavaSEBasicoAvanzado\JavaSEBasicoAvanzado-31.MakeReportAllEntities\JavaSEBasicoAvanzado-31.MakeReportAllEntities\sauce_lab_mobile\target\site\serenity\6a1d40aed519df9481c18235d162fcea3ef7dd2fa854a5bbe4600709a52a7089.png
14:32:00.896 [Test worker] DEBUG net.thucydides.core.steps.StepInterceptor - STARTING STEP: Login.performAs - {0} enters #theTextAsAString into #target
14:32:00.896 [Test worker] DEBUG net.serenitybdd.screenplay.targets.IFrameSwitcher - default content already selected for The password field
14:32:02.149 [Test worker] DEBUG net.serenitybdd.core.photography.Darkroom - Send negative for processing for C:\Repositorio\estudios\JavaSEBasicoAvanzado\JavaSEBasicoAvanzado-31.MakeReportAllEntities\JavaSEBasicoAvanzado-31.MakeReportAllEntities\sauce_lab_mobile\target\site\serenity\6f91d6f13f8f9f82475d6901e1d0ce89173a4f99eadb6b899f5b6004508a5a2c.png
14:32:02.150 [Test worker] DEBUG net.thucydides.core.steps.StepInterceptor - STEP DONE: {0} enters #theTextAsAString into #target
14:32:02.150 [Darkroom Processing Line] DEBUG net.serenitybdd.core.photography.DarkroomProcessingLine - Processing screenshot image in /var/screenshots/screenshot-13098720366814958999
14:32:02.150 [Darkroom Processing Line] DEBUG net.serenitybdd.core.photography.DarkroomProcessingLine - Saving screenshot to C:\Repositorio\estudios\JavaSEBasicoAvanzado\JavaSEBasicoAvanzado-31.MakeReportAllEntities\JavaSEBasicoAvanzado-31.MakeReportAllEntities\sauce_lab_mobile\target\site\serenity\6f91d6f13f8f9f82475d6901e1d0ce89173a4f99eadb6b899f5b6004508a5a2c.png
14:32:02.171 [Test worker] DEBUG net.thucydides.core.steps.StepInterceptor - STARTING STEP: Login.performAs - {0} clicks on #target
14:32:02.172 [Test worker] DEBUG net.serenitybdd.screenplay.targets.IFrameSwitcher - default content already selected for The Login button
14:32:03.521 [Test worker] DEBUG net.serenitybdd.core.photography.Darkroom - Send negative for processing for C:\Repositorio\estudios\JavaSEBasicoAvanzado\JavaSEBasicoAvanzado-31.MakeReportAllEntities\JavaSEBasicoAvanzado-31.MakeReportAllEntities\sauce_lab_mobile\target\site\serenity\6f91d6f13f8f9f82475d6901e1d0ce89173a4f99eadb6b899f5b6004508a5a2c.png
14:32:03.522 [Test worker] DEBUG net.thucydides.core.steps.StepInterceptor - STEP DONE: {0} clicks on #target
14:32:03.541 [Test worker] DEBUG net.thucydides.core.steps.StepInterceptor - STEP DONE: {0} authenticates with her credentials
14:32:04.861 [Test worker] DEBUG net.serenitybdd.core.photography.Darkroom - Send negative for processing for C:\Repositorio\estudios\JavaSEBasicoAvanzado\JavaSEBasicoAvanzado-31.MakeReportAllEntities\JavaSEBasicoAvanzado-31.MakeReportAllEntities\sauce_lab_mobile\target\site\serenity\f0fa5152c045b225121df215e4545538798d4a7df3e843e37749a897184dc875.png
14:32:04.862 [Darkroom Processing Line] DEBUG net.serenitybdd.core.photography.DarkroomProcessingLine - Processing screenshot image in /var/screenshots/screenshot-14270718567446143438
14:32:04.862 [Darkroom Processing Line] DEBUG net.serenitybdd.core.photography.DarkroomProcessingLine - Saving screenshot to C:\Repositorio\estudios\JavaSEBasicoAvanzado\JavaSEBasicoAvanzado-31.MakeReportAllEntities\JavaSEBasicoAvanzado-31.MakeReportAllEntities\sauce_lab_mobile\target\site\serenity\f0fa5152c045b225121df215e4545538798d4a7df3e843e37749a897184dc875.png
14:32:06.514 [Test worker] DEBUG net.serenitybdd.core.photography.Darkroom - Send negative for processing for C:\Repositorio\estudios\JavaSEBasicoAvanzado\JavaSEBasicoAvanzado-31.MakeReportAllEntities\JavaSEBasicoAvanzado-31.MakeReportAllEntities\sauce_lab_mobile\target\site\serenity\e7092cd787358768bfb5f07454192d822d70f0e92041eabfd0fb80dd26011fa8.png
14:32:06.514 [Darkroom Processing Line] DEBUG net.serenitybdd.core.photography.DarkroomProcessingLine - Processing screenshot image in /var/screenshots/screenshot-7359886155350751963
14:32:06.514 [Darkroom Processing Line] DEBUG net.serenitybdd.core.photography.DarkroomProcessingLine - Saving screenshot to C:\Repositorio\estudios\JavaSEBasicoAvanzado\JavaSEBasicoAvanzado-31.MakeReportAllEntities\JavaSEBasicoAvanzado-31.MakeReportAllEntities\sauce_lab_mobile\target\site\serenity\e7092cd787358768bfb5f07454192d822d70f0e92041eabfd0fb80dd26011fa8.png
14:32:06.529 [Test worker] DEBUG net.serenitybdd.screenplay.targets.IFrameSwitcher - default content already selected for title
14:32:08.356 [Test worker] DEBUG net.serenitybdd.core.photography.Darkroom - Send negative for processing for C:\Repositorio\estudios\JavaSEBasicoAvanzado\JavaSEBasicoAvanzado-31.MakeReportAllEntities\JavaSEBasicoAvanzado-31.MakeReportAllEntities\sauce_lab_mobile\target\site\serenity\e7092cd787358768bfb5f07454192d822d70f0e92041eabfd0fb80dd26011fa8.png
14:32:10.255 [Test worker] INFO net.thucydides.core.steps.ConsoleLoggingListener - 
        __    _____ _____ ____ _____   ____   _    ____  ____  _____ ____  
  _     \ \  |_   _| ____/ ___|_   _| |  _ \ / \  / ___|/ ___|| ____|  _ \ 
 (_)_____| |   | | |  _| \___ \ | |   | |_) / _ \ \___ \\___ \|  _| | | | |
  _|_____| |   | | | |___ ___) || |   |  __/ ___ \ ___) |___) | |___| |_| |
 (_)     | |   |_| |_____|____/ |_|   |_| /_/   \_\____/|____/|_____|____/ 
        /_/                                                                

TEST PASSED: Login successful
----------------------------------------------------------------------------
]]></system-out>
  <system-err><![CDATA[Dec 26, 2020 2:31:55 PM io.appium.java_client.remote.AppiumCommandExecutor$1 lambda$0
INFO: Detected dialect: W3C
]]></system-err>
</testsuite>
